<?xml version="1.0" encoding="UTF-8"?>
<!-- Generated by org.testng.reporters.JUnitReportReporter -->
<testsuite skipped="0" hostname="PC4121" name="OptionalParameter" tests="1" failures="0" timestamp="2021-08-20T11:34:44 IST" time="0.012" errors="0">
  <testcase name="printMsg" time="0.012" classname="OptionalParameter"/>
  <system-out/>
</testsuite> <!-- OptionalParameter -->
