<?xml version="1.0" encoding="UTF-8"?>
<!-- Generated by org.testng.reporters.JUnitReportReporter -->
<testsuite skipped="0" hostname="PC4121" name="Priorities" tests="5" failures="0" timestamp="2021-08-11T18:58:59 IST" time="0.030" errors="0">
  <testcase name="grapes" time="0.017" classname="Priorities"/>
  <system-out/>
  <testcase name="guava" time="0.002" classname="Priorities"/>
  <system-out/>
  <testcase name="orange" time="0.003" classname="Priorities"/>
  <system-out/>
  <testcase name="banana" time="0.003" classname="Priorities"/>
  <system-out/>
  <testcase name="apple" time="0.005" classname="Priorities"/>
  <system-out/>
</testsuite> <!-- Priorities -->
