<?xml version="1.0" encoding="UTF-8"?>
<!-- Generated by org.testng.reporters.JUnitReportReporter -->
<testsuite skipped="0" hostname="PC4121" name="TestNG2" tests="1" failures="0" timestamp="2021-08-12T12:49:54 IST" time="10.074" errors="0">
  <testcase name="verifyTitle" time="10.074" classname="TestNG2"/>
  <system-out/>
</testsuite> <!-- TestNG2 -->
