<?xml version="1.0" encoding="UTF-8"?>
<!-- Generated by org.testng.reporters.JUnitReportReporter -->
<testsuite skipped="0" hostname="PC4121" name="DPMethodAsParameter" tests="4" failures="0" timestamp="2021-08-20T14:34:03 IST" time="0.019" errors="0">
  <testcase name="sum" time="0.002" classname="DPMethodAsParameter"/>
  <system-out/>
  <testcase name="sub" time="0.012" classname="DPMethodAsParameter"/>
  <system-out/>
  <testcase name="sub" time="0.003" classname="DPMethodAsParameter"/>
  <system-out/>
  <testcase name="sum" time="0.002" classname="DPMethodAsParameter"/>
  <system-out/>
</testsuite> <!-- DPMethodAsParameter -->
