<?xml version="1.0" encoding="UTF-8"?>
<!-- Generated by org.testng.reporters.JUnitReportReporter -->
<testsuite skipped="0" hostname="PC4121" name="DataProviderTest" tests="1" failures="0" timestamp="2021-08-20T12:29:10 IST" time="0.011" errors="0">
  <testcase name="printValues" time="0.011" classname="DataProviderTest"/>
  <system-out/>
</testsuite> <!-- DataProviderTest -->
