<?xml version="1.0" encoding="UTF-8"?>
<!-- Generated by org.testng.reporters.JUnitReportReporter -->
<testsuite skipped="0" hostname="PC4121" name="DependenciesInXML" tests="3" failures="0" timestamp="2021-08-20T11:40:06 IST" time="0.019" errors="0">
  <testcase name="login" time="0.003" classname="DependenciesInXML"/>
  <system-out/>
  <testcase name="logout" time="0.003" classname="DependenciesInXML"/>
  <system-out/>
  <testcase name="register" time="0.013" classname="DependenciesInXML"/>
  <system-out/>
</testsuite> <!-- DependenciesInXML -->
