<?xml version="1.0" encoding="UTF-8"?>
<!-- Generated by org.testng.reporters.JUnitReportReporter -->
<testsuite skipped="0" hostname="PC4121" name="SuperClassForDependancy" tests="1" failures="0" timestamp="2021-08-20T11:37:11 IST" time="0.006" errors="0">
  <testcase name="setUp" time="0.006" classname="SuperClassForDependancy"/>
  <system-out/>
</testsuite> <!-- SuperClassForDependancy -->
