<?xml version="1.0" encoding="UTF-8"?>
<!-- Generated by org.testng.reporters.JUnitReportReporter -->
<testsuite skipped="0" hostname="PC4121" name="Assertions" tests="1" failures="0" timestamp="2021-08-24T13:57:02 IST" time="0.066" errors="0">
  <testcase name="verifyTitle" time="0.066" classname="Assertions"/>
  <system-out>
Title verified  </system-out>
</testsuite> <!-- Assertions -->
