<?xml version="1.0" encoding="UTF-8"?>
<!-- Generated by org.testng.reporters.JUnitReportReporter -->
<testsuite skipped="0" hostname="PC4121" name="Parameterscopy" tests="1" failures="0" timestamp="2021-08-20T11:33:22 IST" time="0.002" errors="0">
  <testcase name="mul" time="0.002" classname="Parameterscopy"/>
  <system-out/>
</testsuite> <!-- Parameterscopy -->
