<?xml version="1.0" encoding="UTF-8"?>
<!-- Generated by org.testng.reporters.JUnitReportReporter -->
<testsuite skipped="0" hostname="PC4121" name="DependancyInTestNG" tests="4" failures="0" timestamp="2021-08-20T11:37:11 IST" time="0.021" errors="0">
  <testcase name="openbrowser" time="0.004" classname="DependancyInTestNG"/>
  <system-out/>
  <testcase name="setUp" time="0.013" classname="DependancyInTestNG"/>
  <system-out/>
  <testcase name="logout" time="0.002" classname="DependancyInTestNG"/>
  <system-out/>
  <testcase name="logIn" time="0.002" classname="DependancyInTestNG"/>
  <system-out/>
</testsuite> <!-- DependancyInTestNG -->
