<?xml version="1.0" encoding="UTF-8"?>
<!-- Generated by org.testng.reporters.JUnitReportReporter -->
<testsuite skipped="0" hostname="PC4121" name="Annotations" tests="2" failures="0" timestamp="2021-08-12T11:27:04 IST" time="0.020" errors="0">
  <testcase name="alpha" time="0.012" classname="Annotations"/>
  <system-out/>
  <testcase name="beta" time="0.008" classname="Annotations"/>
  <system-out/>
</testsuite> <!-- Annotations -->
