<?xml version="1.0" encoding="UTF-8"?>
<!-- Generated by org.testng.reporters.JUnitReportReporter -->
<testsuite skipped="0" hostname="PC4121" name="GroupDependancy" tests="5" failures="0" timestamp="2021-08-12T16:07:49 IST" time="0.027" errors="0">
  <testcase name="logout" time="0.004" classname="GroupDependancy"/>
  <system-out/>
  <testcase name="koyal" time="0.015" classname="GroupDependancy"/>
  <system-out/>
  <testcase name="password" time="0.003" classname="GroupDependancy"/>
  <system-out/>
  <testcase name="loginButton" time="0.003" classname="GroupDependancy"/>
  <system-out/>
  <testcase name="zosa" time="0.002" classname="GroupDependancy"/>
  <system-out/>
</testsuite> <!-- GroupDependancy -->
