<?xml version="1.0" encoding="UTF-8"?>
<!-- Generated by org.testng.reporters.JUnitReportReporter -->
<testsuite skipped="0" hostname="PC4121" name="Parameters" tests="2" failures="0" timestamp="2021-08-20T11:33:22 IST" time="0.015" errors="0">
  <testcase name="sum" time="0.003" classname="Parameters"/>
  <system-out/>
  <testcase name="sub" time="0.012" classname="Parameters"/>
  <system-out/>
</testsuite> <!-- Parameters -->
