<?xml version="1.0" encoding="UTF-8"?>
<!-- Generated by org.testng.reporters.JUnitReportReporter -->
<testsuite skipped="0" hostname="PC4121" name="TestNG3" tests="1" failures="0" timestamp="2021-08-11T18:16:25 IST" time="6.859" errors="0">
  <testcase name="verifyTitle" time="6.859" classname="TestNG3"/>
  <system-out/>
</testsuite> <!-- TestNG3 -->
