<?xml version="1.0" encoding="UTF-8"?>
<!-- Generated by org.testng.reporters.JUnitReportReporter -->
<testsuite skipped="0" hostname="PC4121" name="TestNGReports" tests="1" failures="0" timestamp="2021-08-13T15:52:42 IST" time="7.901" errors="0">
  <testcase name="reports1" time="7.901" classname="TestNGReports"/>
  <system-out>
Test is passed.  </system-out>
</testsuite> <!-- TestNGReports -->
